[debug] [2022-07-23T17:46:17.779Z] ----------------------------------------------------------------------
[debug] [2022-07-23T17:46:17.783Z] Command:       C:\Program Files\nodejs\node.exe C:\Users\user\AppData\Roaming\npm\node_modules\firebase-tools\lib\bin\firebase.js init
[debug] [2022-07-23T17:46:17.784Z] CLI Version:   10.7.1
[debug] [2022-07-23T17:46:17.785Z] Platform:      win32
[debug] [2022-07-23T17:46:17.785Z] Node Version:  v16.13.1
[debug] [2022-07-23T17:46:17.786Z] Time:          Sat Jul 23 2022 23:46:17 GMT+0600 (Bangladesh Standard Time)
[debug] [2022-07-23T17:46:17.787Z] ----------------------------------------------------------------------
[debug] 
[debug] [2022-07-23T17:46:17.924Z] > command requires scopes: ["email","openid","https://www.googleapis.com/auth/cloudplatformprojects.readonly","https://www.googleapis.com/auth/firebase","https://www.googleapis.com/auth/cloud-platform"]
[debug] [2022-07-23T17:46:17.925Z] > authorizing via signed-in user (sheikhmahmudul95@gmail.com)
[info] 
     ######## #### ########  ######## ########     ###     ######  ########
     ##        ##  ##     ## ##       ##     ##  ##   ##  ##       ##
     ######    ##  ########  ######   ########  #########  ######  ######
     ##        ##  ##    ##  ##       ##     ## ##     ##       ## ##
     ##       #### ##     ## ######## ########  ##     ##  ######  ########

You're about to initialize a Firebase project in this directory:

  C:\Projects\Full-Stact-Hot-wheel-project\hot-wheels-client

Before we get started, keep in mind:

  * You are currently outside your home directory
  * You are initializing within an existing Firebase project directory

[info] 
=== Project Setup
[info] 
[info] First, let's associate this project directory with a Firebase project.
[info] You can create multiple project aliases by running firebase use --add, 
[info] but for now we'll just set up a default project.
[info] 
[debug] [2022-07-23T17:46:50.048Z] Using project from CLI flag: hot-wheels-d4134
[debug] [2022-07-23T17:46:50.051Z] > refreshing access token with scopes: []
[debug] [2022-07-23T17:46:50.053Z] >>> HTTP REQUEST POST https://www.googleapis.com/oauth2/v3/token  
 <request body omitted>
[debug] [2022-07-23T17:46:50.499Z] <<< HTTP RESPONSE 200 {"pragma":"no-cache","expires":"Mon, 01 Jan 1990 00:00:00 GMT","date":"Sat, 23 Jul 2022 17:46:51 GMT","cache-control":"no-cache, no-store, max-age=0, must-revalidate","content-type":"application/json; charset=utf-8","vary":"X-Origin, Referer, Origin,Accept-Encoding","server":"scaffolding on HTTPServer2","x-xss-protection":"0","x-frame-options":"SAMEORIGIN","x-content-type-options":"nosniff","alt-svc":"h3=\":443\"; ma=2592000,h3-29=\":443\"; ma=2592000,h3-Q050=\":443\"; ma=2592000,h3-Q046=\":443\"; ma=2592000,h3-Q043=\":443\"; ma=2592000,quic=\":443\"; ma=2592000; v=\"46,43\"","accept-ranges":"none","transfer-encoding":"chunked"}
[debug] [2022-07-23T17:46:50.517Z] >>> [apiv2][query] GET https://firebase.googleapis.com/v1beta1/projects/hot-wheels-d4134 [none]
[debug] [2022-07-23T17:46:51.403Z] <<< [apiv2][status] GET https://firebase.googleapis.com/v1beta1/projects/hot-wheels-d4134 403
[debug] [2022-07-23T17:46:51.404Z] <<< [apiv2][body] GET https://firebase.googleapis.com/v1beta1/projects/hot-wheels-d4134 {"error":{"code":403,"message":"The caller does not have permission","status":"PERMISSION_DENIED"}}
[debug] [2022-07-23T17:46:51.404Z] HTTP Error: 403, The caller does not have permission
[debug] [2022-07-23T17:46:51.724Z] FirebaseError: HTTP Error: 403, The caller does not have permission
    at module.exports (C:\Users\user\AppData\Roaming\npm\node_modules\firebase-tools\lib\responseToError.js:47:12)
    at RetryOperation._fn (C:\Users\user\AppData\Roaming\npm\node_modules\firebase-tools\lib\apiv2.js:286:39)
    at processTicksAndRejections (node:internal/process/task_queues:96:5)
[error] 
[error] Error: Failed to get Firebase project hot-wheels-d4134. Please make sure the project exists and your account has permission to access it.
[debug] [2022-07-23T17:50:17.129Z] ----------------------------------------------------------------------
[debug] [2022-07-23T17:50:17.133Z] Command:       C:\Program Files\nodejs\node.exe C:\Users\user\AppData\Roaming\npm\node_modules\firebase-tools\lib\bin\firebase.js init
[debug] [2022-07-23T17:50:17.134Z] CLI Version:   10.7.1
[debug] [2022-07-23T17:50:17.134Z] Platform:      win32
[debug] [2022-07-23T17:50:17.135Z] Node Version:  v16.13.1
[debug] [2022-07-23T17:50:17.142Z] Time:          Sat Jul 23 2022 23:50:17 GMT+0600 (Bangladesh Standard Time)
[debug] [2022-07-23T17:50:17.143Z] ----------------------------------------------------------------------
[debug] 
[debug] [2022-07-23T17:50:17.261Z] > command requires scopes: ["email","openid","https://www.googleapis.com/auth/cloudplatformprojects.readonly","https://www.googleapis.com/auth/firebase","https://www.googleapis.com/auth/cloud-platform"]
[debug] [2022-07-23T17:50:17.262Z] > authorizing via signed-in user (sheikhmahmudul95@gmail.com)
[info] 
     ######## #### ########  ######## ########     ###     ######  ########
     ##        ##  ##     ## ##       ##     ##  ##   ##  ##       ##
     ######    ##  ########  ######   ########  #########  ######  ######
     ##        ##  ##    ##  ##       ##     ## ##     ##       ## ##
     ##       #### ##     ## ######## ########  ##     ##  ######  ########

You're about to initialize a Firebase project in this directory:

  C:\Projects\Full-Stact-Hot-wheel-project\hot-wheels-client

Before we get started, keep in mind:

  * You are currently outside your home directory
  * You are initializing within an existing Firebase project directory

[info] 
=== Project Setup
[info] 
[info] First, let's associate this project directory with a Firebase project.
[info] You can create multiple project aliases by running firebase use --add, 
[info] but for now we'll just set up a default project.
[info] 
[debug] [2022-07-23T17:50:29.645Z] Using project from CLI flag: hot-wheels-d4134
[debug] [2022-07-23T17:50:29.650Z] >>> [apiv2][query] GET https://firebase.googleapis.com/v1beta1/projects/hot-wheels-d4134 [none]
[debug] [2022-07-23T17:50:30.504Z] <<< [apiv2][status] GET https://firebase.googleapis.com/v1beta1/projects/hot-wheels-d4134 403
[debug] [2022-07-23T17:50:30.505Z] <<< [apiv2][body] GET https://firebase.googleapis.com/v1beta1/projects/hot-wheels-d4134 {"error":{"code":403,"message":"The caller does not have permission","status":"PERMISSION_DENIED"}}
[debug] [2022-07-23T17:50:30.506Z] HTTP Error: 403, The caller does not have permission
[debug] [2022-07-23T17:50:30.904Z] FirebaseError: HTTP Error: 403, The caller does not have permission
    at module.exports (C:\Users\user\AppData\Roaming\npm\node_modules\firebase-tools\lib\responseToError.js:47:12)
    at RetryOperation._fn (C:\Users\user\AppData\Roaming\npm\node_modules\firebase-tools\lib\apiv2.js:286:39)
    at processTicksAndRejections (node:internal/process/task_queues:96:5)
[error] 
[error] Error: Failed to get Firebase project hot-wheels-d4134. Please make sure the project exists and your account has permission to access it.
